Inicio do arquivo!
Nome: att48
Tipo: TSP
Comentário: 48 capitals of the US (Padberg/Rinaldi) 
Tipo do Vértice: ATT
Comentário do tipo de node: NODE_COORD_SECTION


Primeira população:

  0: x:   4483 y:   3369
  1: x:   5185 y:   3258
  2: x:   5468 y:   2606
  3: x:   5199 y:   2182
  4: x:   4612 y:   2035
  5: x:   4307 y:   2322
  6: x:   4706 y:   2674
  7: x:   3484 y:   2829
  8: x:   3245 y:   3305
  9: x:   3023 y:   1942
 10: x:   3082 y:   1644
 11: x:   3177 y:    756
 12: x:   2233 y:     10
 13: x:   1916 y:   1569
 14: x:   1112 y:   2049
 15: x:   1633 y:   2809
 16: x:     10 y:   2676
 17: x:     23 y:   2216
 18: x:    675 y:   1006
 19: x:    401 y:    841
 20: x:   4608 y:   1198
 21: x:   5530 y:   1424
 22: x:   6101 y:   1110
 23: x:   6107 y:    669
 24: x:   6734 y:   1453
 25: x:   6898 y:   1885
 26: x:   7392 y:   2244
 27: x:   7545 y:   2801
 28: x:   7509 y:   3239
 29: x:   7462 y:   3590
 30: x:   7573 y:   3716
 31: x:   7541 y:   3981
 32: x:   7248 y:   3779
 33: x:   7352 y:   4506
 34: x:   7608 y:   4458
 35: x:   7762 y:   4595
 36: x:   7732 y:   4723
 37: x:   7555 y:   4819
 38: x:   7280 y:   4899
 39: x:   7611 y:   5184
 40: x:   6807 y:   2993
 41: x:   6426 y:   3173
 42: x:   6347 y:   2683
 43: x:   5989 y:   2873
 44: x:   5900 y:   3561
 45: x:   6271 y:   2135
 46: x:   7265 y:   1268
 47: x:   4985 y:    140
Fitness: 0.23826
Distance: 41971


Geração:5000
  0: x:   3082 y:   1644
  1: x:   3023 y:   1942
  2: x:   3484 y:   2829
  3: x:   3245 y:   3305
  4: x:   4483 y:   3369
  5: x:   5185 y:   3258
  6: x:   5468 y:   2606
  7: x:   5199 y:   2182
  8: x:   4612 y:   2035
  9: x:   4307 y:   2322
 10: x:   4706 y:   2674
 11: x:   5989 y:   2873
 12: x:   6347 y:   2683
 13: x:   6271 y:   2135
 14: x:   7545 y:   2801
 15: x:   7509 y:   3239
 16: x:   7462 y:   3590
 17: x:   7573 y:   3716
 18: x:   7248 y:   3779
 19: x:   7541 y:   3981
 20: x:   7352 y:   4506
 21: x:   7608 y:   4458
 22: x:   7762 y:   4595
 23: x:   7732 y:   4723
 24: x:   7555 y:   4819
 25: x:   7611 y:   5184
 26: x:   7280 y:   4899
 27: x:   5900 y:   3561
 28: x:   6426 y:   3173
 29: x:   6807 y:   2993
 30: x:   7392 y:   2244
 31: x:   6898 y:   1885
 32: x:   7265 y:   1268
 33: x:   6734 y:   1453
 34: x:   6107 y:    669
 35: x:   6101 y:   1110
 36: x:   5530 y:   1424
 37: x:   4608 y:   1198
 38: x:   4985 y:    140
 39: x:   3177 y:    756
 40: x:   2233 y:     10
 41: x:   1916 y:   1569
 42: x:   1633 y:   2809
 43: x:   1112 y:   2049
 44: x:     10 y:   2676
 45: x:     23 y:   2216
 46: x:    401 y:    841
 47: x:    675 y:   1006
Fitness: 0.270778
Distance: 36930.6


Geração:10000
  0: x:   3082 y:   1644
  1: x:   3023 y:   1942
  2: x:   3484 y:   2829
  3: x:   3245 y:   3305
  4: x:   4483 y:   3369
  5: x:   5185 y:   3258
  6: x:   5468 y:   2606
  7: x:   5199 y:   2182
  8: x:   4612 y:   2035
  9: x:   4307 y:   2322
 10: x:   4706 y:   2674
 11: x:   5989 y:   2873
 12: x:   6807 y:   2993
 13: x:   7392 y:   2244
 14: x:   7545 y:   2801
 15: x:   7509 y:   3239
 16: x:   7462 y:   3590
 17: x:   7573 y:   3716
 18: x:   7248 y:   3779
 19: x:   7541 y:   3981
 20: x:   7352 y:   4506
 21: x:   7608 y:   4458
 22: x:   7762 y:   4595
 23: x:   7732 y:   4723
 24: x:   7555 y:   4819
 25: x:   7611 y:   5184
 26: x:   7280 y:   4899
 27: x:   5900 y:   3561
 28: x:   6426 y:   3173
 29: x:   6347 y:   2683
 30: x:   6271 y:   2135
 31: x:   6898 y:   1885
 32: x:   7265 y:   1268
 33: x:   6734 y:   1453
 34: x:   6107 y:    669
 35: x:   6101 y:   1110
 36: x:   5530 y:   1424
 37: x:   4608 y:   1198
 38: x:   4985 y:    140
 39: x:   3177 y:    756
 40: x:   2233 y:     10
 41: x:   1916 y:   1569
 42: x:   1633 y:   2809
 43: x:   1112 y:   2049
 44: x:     10 y:   2676
 45: x:     23 y:   2216
 46: x:    401 y:    841
 47: x:    675 y:   1006
Fitness: 0.27299
Distance: 36631.4


Geração:15000
  0: x:   3082 y:   1644
  1: x:   3023 y:   1942
  2: x:   3484 y:   2829
  3: x:   3245 y:   3305
  4: x:   4483 y:   3369
  5: x:   5185 y:   3258
  6: x:   5468 y:   2606
  7: x:   5199 y:   2182
  8: x:   4612 y:   2035
  9: x:   4307 y:   2322
 10: x:   4706 y:   2674
 11: x:   5989 y:   2873
 12: x:   6807 y:   2993
 13: x:   7392 y:   2244
 14: x:   7545 y:   2801
 15: x:   7509 y:   3239
 16: x:   7462 y:   3590
 17: x:   7573 y:   3716
 18: x:   7248 y:   3779
 19: x:   7541 y:   3981
 20: x:   7352 y:   4506
 21: x:   7608 y:   4458
 22: x:   7762 y:   4595
 23: x:   7732 y:   4723
 24: x:   7555 y:   4819
 25: x:   7611 y:   5184
 26: x:   7280 y:   4899
 27: x:   5900 y:   3561
 28: x:   6426 y:   3173
 29: x:   6347 y:   2683
 30: x:   6271 y:   2135
 31: x:   6898 y:   1885
 32: x:   7265 y:   1268
 33: x:   6734 y:   1453
 34: x:   6107 y:    669
 35: x:   6101 y:   1110
 36: x:   5530 y:   1424
 37: x:   4608 y:   1198
 38: x:   4985 y:    140
 39: x:   3177 y:    756
 40: x:   2233 y:     10
 41: x:   1916 y:   1569
 42: x:   1633 y:   2809
 43: x:   1112 y:   2049
 44: x:     10 y:   2676
 45: x:     23 y:   2216
 46: x:    401 y:    841
 47: x:    675 y:   1006
Fitness: 0.27299
Distance: 36631.4


Geração:20000
  0: x:   3082 y:   1644
  1: x:   3023 y:   1942
  2: x:   3484 y:   2829
  3: x:   3245 y:   3305
  4: x:   4483 y:   3369
  5: x:   5185 y:   3258
  6: x:   5468 y:   2606
  7: x:   5199 y:   2182
  8: x:   4612 y:   2035
  9: x:   4307 y:   2322
 10: x:   4706 y:   2674
 11: x:   5989 y:   2873
 12: x:   6807 y:   2993
 13: x:   7392 y:   2244
 14: x:   7545 y:   2801
 15: x:   7509 y:   3239
 16: x:   7462 y:   3590
 17: x:   7573 y:   3716
 18: x:   7248 y:   3779
 19: x:   7541 y:   3981
 20: x:   7352 y:   4506
 21: x:   7608 y:   4458
 22: x:   7762 y:   4595
 23: x:   7732 y:   4723
 24: x:   7555 y:   4819
 25: x:   7611 y:   5184
 26: x:   7280 y:   4899
 27: x:   5900 y:   3561
 28: x:   6426 y:   3173
 29: x:   6347 y:   2683
 30: x:   6271 y:   2135
 31: x:   6898 y:   1885
 32: x:   7265 y:   1268
 33: x:   6734 y:   1453
 34: x:   6107 y:    669
 35: x:   6101 y:   1110
 36: x:   5530 y:   1424
 37: x:   4608 y:   1198
 38: x:   4985 y:    140
 39: x:   3177 y:    756
 40: x:   2233 y:     10
 41: x:   1916 y:   1569
 42: x:   1633 y:   2809
 43: x:   1112 y:   2049
 44: x:     10 y:   2676
 45: x:     23 y:   2216
 46: x:    401 y:    841
 47: x:    675 y:   1006
Fitness: 0.27299
Distance: 36631.4


Geração:25000
  0: x:   3082 y:   1644
  1: x:   3023 y:   1942
  2: x:   3484 y:   2829
  3: x:   3245 y:   3305
  4: x:   4483 y:   3369
  5: x:   5185 y:   3258
  6: x:   5468 y:   2606
  7: x:   5199 y:   2182
  8: x:   4612 y:   2035
  9: x:   4307 y:   2322
 10: x:   4706 y:   2674
 11: x:   5989 y:   2873
 12: x:   6807 y:   2993
 13: x:   7392 y:   2244
 14: x:   7545 y:   2801
 15: x:   7509 y:   3239
 16: x:   7462 y:   3590
 17: x:   7573 y:   3716
 18: x:   7248 y:   3779
 19: x:   7541 y:   3981
 20: x:   7352 y:   4506
 21: x:   7608 y:   4458
 22: x:   7762 y:   4595
 23: x:   7732 y:   4723
 24: x:   7555 y:   4819
 25: x:   7611 y:   5184
 26: x:   7280 y:   4899
 27: x:   5900 y:   3561
 28: x:   6426 y:   3173
 29: x:   6347 y:   2683
 30: x:   6271 y:   2135
 31: x:   6898 y:   1885
 32: x:   7265 y:   1268
 33: x:   6734 y:   1453
 34: x:   6107 y:    669
 35: x:   6101 y:   1110
 36: x:   5530 y:   1424
 37: x:   4608 y:   1198
 38: x:   4985 y:    140
 39: x:   3177 y:    756
 40: x:   2233 y:     10
 41: x:   1916 y:   1569
 42: x:   1633 y:   2809
 43: x:   1112 y:   2049
 44: x:     10 y:   2676
 45: x:     23 y:   2216
 46: x:    401 y:    841
 47: x:    675 y:   1006
Fitness: 0.27299
Distance: 36631.4


Geração:30000
  0: x:   3082 y:   1644
  1: x:   3023 y:   1942
  2: x:   3484 y:   2829
  3: x:   3245 y:   3305
  4: x:   4483 y:   3369
  5: x:   5185 y:   3258
  6: x:   5468 y:   2606
  7: x:   5199 y:   2182
  8: x:   4612 y:   2035
  9: x:   4307 y:   2322
 10: x:   4706 y:   2674
 11: x:   5989 y:   2873
 12: x:   6807 y:   2993
 13: x:   7392 y:   2244
 14: x:   7545 y:   2801
 15: x:   7509 y:   3239
 16: x:   7462 y:   3590
 17: x:   7573 y:   3716
 18: x:   7248 y:   3779
 19: x:   7541 y:   3981
 20: x:   7352 y:   4506
 21: x:   7608 y:   4458
 22: x:   7762 y:   4595
 23: x:   7732 y:   4723
 24: x:   7555 y:   4819
 25: x:   7611 y:   5184
 26: x:   7280 y:   4899
 27: x:   5900 y:   3561
 28: x:   6426 y:   3173
 29: x:   6347 y:   2683
 30: x:   6271 y:   2135
 31: x:   6898 y:   1885
 32: x:   7265 y:   1268
 33: x:   6734 y:   1453
 34: x:   6107 y:    669
 35: x:   6101 y:   1110
 36: x:   5530 y:   1424
 37: x:   4608 y:   1198
 38: x:   4985 y:    140
 39: x:   3177 y:    756
 40: x:   2233 y:     10
 41: x:   1916 y:   1569
 42: x:    675 y:   1006
 43: x:    401 y:    841
 44: x:     23 y:   2216
 45: x:     10 y:   2676
 46: x:   1112 y:   2049
 47: x:   1633 y:   2809
Fitness: 0.277074
Distance: 36091.4


Geração:35000
  0: x:   3082 y:   1644
  1: x:   3023 y:   1942
  2: x:   3484 y:   2829
  3: x:   3245 y:   3305
  4: x:   4483 y:   3369
  5: x:   5185 y:   3258
  6: x:   5468 y:   2606
  7: x:   5199 y:   2182
  8: x:   4612 y:   2035
  9: x:   4307 y:   2322
 10: x:   4706 y:   2674
 11: x:   5989 y:   2873
 12: x:   6807 y:   2993
 13: x:   7392 y:   2244
 14: x:   7545 y:   2801
 15: x:   7509 y:   3239
 16: x:   7462 y:   3590
 17: x:   7573 y:   3716
 18: x:   7248 y:   3779
 19: x:   7541 y:   3981
 20: x:   7352 y:   4506
 21: x:   7608 y:   4458
 22: x:   7762 y:   4595
 23: x:   7732 y:   4723
 24: x:   7555 y:   4819
 25: x:   7611 y:   5184
 26: x:   7280 y:   4899
 27: x:   5900 y:   3561
 28: x:   6426 y:   3173
 29: x:   6347 y:   2683
 30: x:   6271 y:   2135
 31: x:   6898 y:   1885
 32: x:   7265 y:   1268
 33: x:   6734 y:   1453
 34: x:   6107 y:    669
 35: x:   6101 y:   1110
 36: x:   5530 y:   1424
 37: x:   4608 y:   1198
 38: x:   4985 y:    140
 39: x:   3177 y:    756
 40: x:   2233 y:     10
 41: x:   1916 y:   1569
 42: x:    675 y:   1006
 43: x:    401 y:    841
 44: x:     23 y:   2216
 45: x:     10 y:   2676
 46: x:   1112 y:   2049
 47: x:   1633 y:   2809
Fitness: 0.277074
Distance: 36091.4


Geração:40000
  0: x:   3082 y:   1644
  1: x:   3023 y:   1942
  2: x:   3484 y:   2829
  3: x:   3245 y:   3305
  4: x:   4483 y:   3369
  5: x:   5185 y:   3258
  6: x:   5468 y:   2606
  7: x:   5199 y:   2182
  8: x:   4612 y:   2035
  9: x:   4307 y:   2322
 10: x:   4706 y:   2674
 11: x:   5989 y:   2873
 12: x:   6807 y:   2993
 13: x:   7392 y:   2244
 14: x:   7545 y:   2801
 15: x:   7509 y:   3239
 16: x:   7462 y:   3590
 17: x:   7573 y:   3716
 18: x:   7248 y:   3779
 19: x:   7541 y:   3981
 20: x:   7352 y:   4506
 21: x:   7608 y:   4458
 22: x:   7762 y:   4595
 23: x:   7732 y:   4723
 24: x:   7555 y:   4819
 25: x:   7611 y:   5184
 26: x:   7280 y:   4899
 27: x:   5900 y:   3561
 28: x:   6426 y:   3173
 29: x:   6347 y:   2683
 30: x:   6271 y:   2135
 31: x:   6898 y:   1885
 32: x:   7265 y:   1268
 33: x:   6734 y:   1453
 34: x:   6107 y:    669
 35: x:   6101 y:   1110
 36: x:   5530 y:   1424
 37: x:   4608 y:   1198
 38: x:   4985 y:    140
 39: x:   3177 y:    756
 40: x:   2233 y:     10
 41: x:   1916 y:   1569
 42: x:    675 y:   1006
 43: x:    401 y:    841
 44: x:     23 y:   2216
 45: x:     10 y:   2676
 46: x:   1112 y:   2049
 47: x:   1633 y:   2809
Fitness: 0.277074
Distance: 36091.4


Geração:45000
  0: x:   3082 y:   1644
  1: x:   3023 y:   1942
  2: x:   3484 y:   2829
  3: x:   3245 y:   3305
  4: x:   4483 y:   3369
  5: x:   5185 y:   3258
  6: x:   5468 y:   2606
  7: x:   5199 y:   2182
  8: x:   4612 y:   2035
  9: x:   4307 y:   2322
 10: x:   4706 y:   2674
 11: x:   5989 y:   2873
 12: x:   6807 y:   2993
 13: x:   7392 y:   2244
 14: x:   7545 y:   2801
 15: x:   7509 y:   3239
 16: x:   7462 y:   3590
 17: x:   7573 y:   3716
 18: x:   7248 y:   3779
 19: x:   7541 y:   3981
 20: x:   7352 y:   4506
 21: x:   7608 y:   4458
 22: x:   7762 y:   4595
 23: x:   7732 y:   4723
 24: x:   7555 y:   4819
 25: x:   7611 y:   5184
 26: x:   7280 y:   4899
 27: x:   5900 y:   3561
 28: x:   6426 y:   3173
 29: x:   6347 y:   2683
 30: x:   6271 y:   2135
 31: x:   6898 y:   1885
 32: x:   7265 y:   1268
 33: x:   6734 y:   1453
 34: x:   6107 y:    669
 35: x:   6101 y:   1110
 36: x:   5530 y:   1424
 37: x:   4608 y:   1198
 38: x:   4985 y:    140
 39: x:   3177 y:    756
 40: x:   2233 y:     10
 41: x:   1916 y:   1569
 42: x:    675 y:   1006
 43: x:    401 y:    841
 44: x:     23 y:   2216
 45: x:     10 y:   2676
 46: x:   1112 y:   2049
 47: x:   1633 y:   2809
Fitness: 0.277074
Distance: 36091.4


Geração:50000
  0: x:   3082 y:   1644
  1: x:   3023 y:   1942
  2: x:   3484 y:   2829
  3: x:   3245 y:   3305
  4: x:   4483 y:   3369
  5: x:   5185 y:   3258
  6: x:   5468 y:   2606
  7: x:   5199 y:   2182
  8: x:   4612 y:   2035
  9: x:   4307 y:   2322
 10: x:   4706 y:   2674
 11: x:   5989 y:   2873
 12: x:   6807 y:   2993
 13: x:   7392 y:   2244
 14: x:   7545 y:   2801
 15: x:   7509 y:   3239
 16: x:   7462 y:   3590
 17: x:   7573 y:   3716
 18: x:   7248 y:   3779
 19: x:   7541 y:   3981
 20: x:   7352 y:   4506
 21: x:   7608 y:   4458
 22: x:   7762 y:   4595
 23: x:   7732 y:   4723
 24: x:   7555 y:   4819
 25: x:   7611 y:   5184
 26: x:   7280 y:   4899
 27: x:   5900 y:   3561
 28: x:   6426 y:   3173
 29: x:   6347 y:   2683
 30: x:   6271 y:   2135
 31: x:   6898 y:   1885
 32: x:   7265 y:   1268
 33: x:   6734 y:   1453
 34: x:   6107 y:    669
 35: x:   6101 y:   1110
 36: x:   5530 y:   1424
 37: x:   4608 y:   1198
 38: x:   4985 y:    140
 39: x:   3177 y:    756
 40: x:   2233 y:     10
 41: x:   1916 y:   1569
 42: x:    675 y:   1006
 43: x:    401 y:    841
 44: x:     23 y:   2216
 45: x:     10 y:   2676
 46: x:   1112 y:   2049
 47: x:   1633 y:   2809
Fitness: 0.277074
Distance: 36091.4


Geração:55000
  0: x:   3082 y:   1644
  1: x:   3023 y:   1942
  2: x:   3484 y:   2829
  3: x:   3245 y:   3305
  4: x:   4483 y:   3369
  5: x:   5185 y:   3258
  6: x:   5468 y:   2606
  7: x:   5199 y:   2182
  8: x:   4612 y:   2035
  9: x:   4307 y:   2322
 10: x:   4706 y:   2674
 11: x:   5989 y:   2873
 12: x:   6807 y:   2993
 13: x:   7392 y:   2244
 14: x:   7545 y:   2801
 15: x:   7509 y:   3239
 16: x:   7462 y:   3590
 17: x:   7573 y:   3716
 18: x:   7248 y:   3779
 19: x:   7541 y:   3981
 20: x:   7352 y:   4506
 21: x:   7608 y:   4458
 22: x:   7762 y:   4595
 23: x:   7732 y:   4723
 24: x:   7555 y:   4819
 25: x:   7611 y:   5184
 26: x:   7280 y:   4899
 27: x:   5900 y:   3561
 28: x:   6426 y:   3173
 29: x:   6347 y:   2683
 30: x:   6271 y:   2135
 31: x:   6898 y:   1885
 32: x:   7265 y:   1268
 33: x:   6734 y:   1453
 34: x:   6107 y:    669
 35: x:   6101 y:   1110
 36: x:   5530 y:   1424
 37: x:   4608 y:   1198
 38: x:   4985 y:    140
 39: x:   3177 y:    756
 40: x:   2233 y:     10
 41: x:   1916 y:   1569
 42: x:    675 y:   1006
 43: x:    401 y:    841
 44: x:     23 y:   2216
 45: x:     10 y:   2676
 46: x:   1112 y:   2049
 47: x:   1633 y:   2809
Fitness: 0.277074
Distance: 36091.4


Geração:60000
  0: x:   3082 y:   1644
  1: x:   3023 y:   1942
  2: x:   3484 y:   2829
  3: x:   3245 y:   3305
  4: x:   4483 y:   3369
  5: x:   5185 y:   3258
  6: x:   5468 y:   2606
  7: x:   5199 y:   2182
  8: x:   4612 y:   2035
  9: x:   4307 y:   2322
 10: x:   4706 y:   2674
 11: x:   5989 y:   2873
 12: x:   6807 y:   2993
 13: x:   7392 y:   2244
 14: x:   7545 y:   2801
 15: x:   7509 y:   3239
 16: x:   7462 y:   3590
 17: x:   7573 y:   3716
 18: x:   7248 y:   3779
 19: x:   7541 y:   3981
 20: x:   7352 y:   4506
 21: x:   7608 y:   4458
 22: x:   7762 y:   4595
 23: x:   7732 y:   4723
 24: x:   7555 y:   4819
 25: x:   7611 y:   5184
 26: x:   7280 y:   4899
 27: x:   5900 y:   3561
 28: x:   6426 y:   3173
 29: x:   6347 y:   2683
 30: x:   6271 y:   2135
 31: x:   6898 y:   1885
 32: x:   7265 y:   1268
 33: x:   6734 y:   1453
 34: x:   6107 y:    669
 35: x:   6101 y:   1110
 36: x:   5530 y:   1424
 37: x:   4608 y:   1198
 38: x:   4985 y:    140
 39: x:   3177 y:    756
 40: x:   2233 y:     10
 41: x:   1916 y:   1569
 42: x:    675 y:   1006
 43: x:    401 y:    841
 44: x:     23 y:   2216
 45: x:     10 y:   2676
 46: x:   1112 y:   2049
 47: x:   1633 y:   2809
Fitness: 0.277074
Distance: 36091.4


Geração:65000
  0: x:   3082 y:   1644
  1: x:   3023 y:   1942
  2: x:   3484 y:   2829
  3: x:   3245 y:   3305
  4: x:   4483 y:   3369
  5: x:   5185 y:   3258
  6: x:   5468 y:   2606
  7: x:   5199 y:   2182
  8: x:   4612 y:   2035
  9: x:   4307 y:   2322
 10: x:   4706 y:   2674
 11: x:   5989 y:   2873
 12: x:   6807 y:   2993
 13: x:   7392 y:   2244
 14: x:   7545 y:   2801
 15: x:   7509 y:   3239
 16: x:   7462 y:   3590
 17: x:   7573 y:   3716
 18: x:   7248 y:   3779
 19: x:   7541 y:   3981
 20: x:   7352 y:   4506
 21: x:   7608 y:   4458
 22: x:   7762 y:   4595
 23: x:   7732 y:   4723
 24: x:   7555 y:   4819
 25: x:   7611 y:   5184
 26: x:   7280 y:   4899
 27: x:   5900 y:   3561
 28: x:   6426 y:   3173
 29: x:   6347 y:   2683
 30: x:   6271 y:   2135
 31: x:   6898 y:   1885
 32: x:   7265 y:   1268
 33: x:   6734 y:   1453
 34: x:   6107 y:    669
 35: x:   6101 y:   1110
 36: x:   5530 y:   1424
 37: x:   4608 y:   1198
 38: x:   4985 y:    140
 39: x:   3177 y:    756
 40: x:   2233 y:     10
 41: x:   1916 y:   1569
 42: x:    675 y:   1006
 43: x:    401 y:    841
 44: x:     23 y:   2216
 45: x:     10 y:   2676
 46: x:   1112 y:   2049
 47: x:   1633 y:   2809
Fitness: 0.277074
Distance: 36091.4


Geração:70000
  0: x:   3082 y:   1644
  1: x:   3023 y:   1942
  2: x:   3484 y:   2829
  3: x:   3245 y:   3305
  4: x:   4483 y:   3369
  5: x:   5185 y:   3258
  6: x:   5468 y:   2606
  7: x:   5199 y:   2182
  8: x:   4612 y:   2035
  9: x:   4307 y:   2322
 10: x:   4706 y:   2674
 11: x:   5989 y:   2873
 12: x:   6807 y:   2993
 13: x:   7392 y:   2244
 14: x:   7545 y:   2801
 15: x:   7509 y:   3239
 16: x:   7462 y:   3590
 17: x:   7573 y:   3716
 18: x:   7248 y:   3779
 19: x:   7541 y:   3981
 20: x:   7352 y:   4506
 21: x:   7608 y:   4458
 22: x:   7762 y:   4595
 23: x:   7732 y:   4723
 24: x:   7555 y:   4819
 25: x:   7611 y:   5184
 26: x:   7280 y:   4899
 27: x:   5900 y:   3561
 28: x:   6426 y:   3173
 29: x:   6347 y:   2683
 30: x:   6271 y:   2135
 31: x:   6898 y:   1885
 32: x:   7265 y:   1268
 33: x:   6734 y:   1453
 34: x:   6107 y:    669
 35: x:   6101 y:   1110
 36: x:   5530 y:   1424
 37: x:   4608 y:   1198
 38: x:   4985 y:    140
 39: x:   3177 y:    756
 40: x:   2233 y:     10
 41: x:   1916 y:   1569
 42: x:    675 y:   1006
 43: x:    401 y:    841
 44: x:     23 y:   2216
 45: x:     10 y:   2676
 46: x:   1112 y:   2049
 47: x:   1633 y:   2809
Fitness: 0.277074
Distance: 36091.4


Geração:75000
  0: x:   3082 y:   1644
  1: x:   3023 y:   1942
  2: x:   3484 y:   2829
  3: x:   3245 y:   3305
  4: x:   4483 y:   3369
  5: x:   5185 y:   3258
  6: x:   4706 y:   2674
  7: x:   4307 y:   2322
  8: x:   4612 y:   2035
  9: x:   5199 y:   2182
 10: x:   5468 y:   2606
 11: x:   5989 y:   2873
 12: x:   6807 y:   2993
 13: x:   7392 y:   2244
 14: x:   7545 y:   2801
 15: x:   7509 y:   3239
 16: x:   7462 y:   3590
 17: x:   7573 y:   3716
 18: x:   7248 y:   3779
 19: x:   7541 y:   3981
 20: x:   7352 y:   4506
 21: x:   7608 y:   4458
 22: x:   7762 y:   4595
 23: x:   7732 y:   4723
 24: x:   7555 y:   4819
 25: x:   7611 y:   5184
 26: x:   7280 y:   4899
 27: x:   5900 y:   3561
 28: x:   6426 y:   3173
 29: x:   6347 y:   2683
 30: x:   6271 y:   2135
 31: x:   6898 y:   1885
 32: x:   7265 y:   1268
 33: x:   6734 y:   1453
 34: x:   6107 y:    669
 35: x:   6101 y:   1110
 36: x:   5530 y:   1424
 37: x:   4608 y:   1198
 38: x:   4985 y:    140
 39: x:   3177 y:    756
 40: x:   2233 y:     10
 41: x:   1916 y:   1569
 42: x:    675 y:   1006
 43: x:    401 y:    841
 44: x:     23 y:   2216
 45: x:     10 y:   2676
 46: x:   1112 y:   2049
 47: x:   1633 y:   2809
Fitness: 0.282302
Distance: 35423.1


Geração:80000
  0: x:   3082 y:   1644
  1: x:   3023 y:   1942
  2: x:   3484 y:   2829
  3: x:   3245 y:   3305
  4: x:   4483 y:   3369
  5: x:   5185 y:   3258
  6: x:   4706 y:   2674
  7: x:   4307 y:   2322
  8: x:   4612 y:   2035
  9: x:   5199 y:   2182
 10: x:   5468 y:   2606
 11: x:   5989 y:   2873
 12: x:   6807 y:   2993
 13: x:   7392 y:   2244
 14: x:   7545 y:   2801
 15: x:   7509 y:   3239
 16: x:   7462 y:   3590
 17: x:   7573 y:   3716
 18: x:   7248 y:   3779
 19: x:   7541 y:   3981
 20: x:   7352 y:   4506
 21: x:   7608 y:   4458
 22: x:   7762 y:   4595
 23: x:   7732 y:   4723
 24: x:   7555 y:   4819
 25: x:   7611 y:   5184
 26: x:   7280 y:   4899
 27: x:   5900 y:   3561
 28: x:   6426 y:   3173
 29: x:   6347 y:   2683
 30: x:   6271 y:   2135
 31: x:   6898 y:   1885
 32: x:   7265 y:   1268
 33: x:   6734 y:   1453
 34: x:   6107 y:    669
 35: x:   6101 y:   1110
 36: x:   5530 y:   1424
 37: x:   4608 y:   1198
 38: x:   4985 y:    140
 39: x:   3177 y:    756
 40: x:   2233 y:     10
 41: x:   1916 y:   1569
 42: x:    675 y:   1006
 43: x:    401 y:    841
 44: x:     23 y:   2216
 45: x:     10 y:   2676
 46: x:   1112 y:   2049
 47: x:   1633 y:   2809
Fitness: 0.282302
Distance: 35423.1


Geração:85000
  0: x:   3082 y:   1644
  1: x:   3023 y:   1942
  2: x:   3484 y:   2829
  3: x:   3245 y:   3305
  4: x:   4483 y:   3369
  5: x:   5185 y:   3258
  6: x:   4706 y:   2674
  7: x:   4307 y:   2322
  8: x:   4612 y:   2035
  9: x:   5199 y:   2182
 10: x:   5468 y:   2606
 11: x:   5989 y:   2873
 12: x:   6807 y:   2993
 13: x:   7392 y:   2244
 14: x:   7545 y:   2801
 15: x:   7509 y:   3239
 16: x:   7462 y:   3590
 17: x:   7573 y:   3716
 18: x:   7248 y:   3779
 19: x:   7541 y:   3981
 20: x:   7352 y:   4506
 21: x:   7608 y:   4458
 22: x:   7762 y:   4595
 23: x:   7732 y:   4723
 24: x:   7555 y:   4819
 25: x:   7611 y:   5184
 26: x:   7280 y:   4899
 27: x:   5900 y:   3561
 28: x:   6426 y:   3173
 29: x:   6347 y:   2683
 30: x:   6271 y:   2135
 31: x:   6898 y:   1885
 32: x:   7265 y:   1268
 33: x:   6734 y:   1453
 34: x:   6107 y:    669
 35: x:   6101 y:   1110
 36: x:   5530 y:   1424
 37: x:   4608 y:   1198
 38: x:   4985 y:    140
 39: x:   3177 y:    756
 40: x:   2233 y:     10
 41: x:   1916 y:   1569
 42: x:    675 y:   1006
 43: x:    401 y:    841
 44: x:     23 y:   2216
 45: x:     10 y:   2676
 46: x:   1112 y:   2049
 47: x:   1633 y:   2809
Fitness: 0.282302
Distance: 35423.1


Geração:90000
  0: x:   3082 y:   1644
  1: x:   3023 y:   1942
  2: x:   3484 y:   2829
  3: x:   3245 y:   3305
  4: x:   4483 y:   3369
  5: x:   5185 y:   3258
  6: x:   4706 y:   2674
  7: x:   4307 y:   2322
  8: x:   4612 y:   2035
  9: x:   5199 y:   2182
 10: x:   5468 y:   2606
 11: x:   5989 y:   2873
 12: x:   6807 y:   2993
 13: x:   7392 y:   2244
 14: x:   7545 y:   2801
 15: x:   7509 y:   3239
 16: x:   7462 y:   3590
 17: x:   7573 y:   3716
 18: x:   7248 y:   3779
 19: x:   7541 y:   3981
 20: x:   7352 y:   4506
 21: x:   7608 y:   4458
 22: x:   7762 y:   4595
 23: x:   7732 y:   4723
 24: x:   7555 y:   4819
 25: x:   7611 y:   5184
 26: x:   7280 y:   4899
 27: x:   5900 y:   3561
 28: x:   6426 y:   3173
 29: x:   6347 y:   2683
 30: x:   6271 y:   2135
 31: x:   6898 y:   1885
 32: x:   7265 y:   1268
 33: x:   6734 y:   1453
 34: x:   6107 y:    669
 35: x:   6101 y:   1110
 36: x:   5530 y:   1424
 37: x:   4608 y:   1198
 38: x:   4985 y:    140
 39: x:   3177 y:    756
 40: x:   2233 y:     10
 41: x:   1916 y:   1569
 42: x:    675 y:   1006
 43: x:    401 y:    841
 44: x:     23 y:   2216
 45: x:     10 y:   2676
 46: x:   1112 y:   2049
 47: x:   1633 y:   2809
Fitness: 0.282302
Distance: 35423.1


Geração:95000
  0: x:   3082 y:   1644
  1: x:   3023 y:   1942
  2: x:   3484 y:   2829
  3: x:   3245 y:   3305
  4: x:   4483 y:   3369
  5: x:   5185 y:   3258
  6: x:   4706 y:   2674
  7: x:   4307 y:   2322
  8: x:   4612 y:   2035
  9: x:   5199 y:   2182
 10: x:   5468 y:   2606
 11: x:   5989 y:   2873
 12: x:   6807 y:   2993
 13: x:   7392 y:   2244
 14: x:   7545 y:   2801
 15: x:   7509 y:   3239
 16: x:   7462 y:   3590
 17: x:   7573 y:   3716
 18: x:   7248 y:   3779
 19: x:   7541 y:   3981
 20: x:   7352 y:   4506
 21: x:   7608 y:   4458
 22: x:   7762 y:   4595
 23: x:   7732 y:   4723
 24: x:   7555 y:   4819
 25: x:   7611 y:   5184
 26: x:   7280 y:   4899
 27: x:   5900 y:   3561
 28: x:   6426 y:   3173
 29: x:   6347 y:   2683
 30: x:   6271 y:   2135
 31: x:   6898 y:   1885
 32: x:   7265 y:   1268
 33: x:   6734 y:   1453
 34: x:   6107 y:    669
 35: x:   6101 y:   1110
 36: x:   5530 y:   1424
 37: x:   4608 y:   1198
 38: x:   4985 y:    140
 39: x:   3177 y:    756
 40: x:   2233 y:     10
 41: x:   1916 y:   1569
 42: x:    675 y:   1006
 43: x:    401 y:    841
 44: x:     23 y:   2216
 45: x:     10 y:   2676
 46: x:   1112 y:   2049
 47: x:   1633 y:   2809
Fitness: 0.282302
Distance: 35423.1


Geração:100000
  0: x:   3082 y:   1644
  1: x:   3023 y:   1942
  2: x:   3484 y:   2829
  3: x:   3245 y:   3305
  4: x:   4483 y:   3369
  5: x:   5185 y:   3258
  6: x:   4706 y:   2674
  7: x:   4307 y:   2322
  8: x:   4612 y:   2035
  9: x:   5199 y:   2182
 10: x:   5468 y:   2606
 11: x:   5989 y:   2873
 12: x:   6807 y:   2993
 13: x:   7392 y:   2244
 14: x:   7545 y:   2801
 15: x:   7509 y:   3239
 16: x:   7462 y:   3590
 17: x:   7573 y:   3716
 18: x:   7248 y:   3779
 19: x:   7541 y:   3981
 20: x:   7352 y:   4506
 21: x:   7608 y:   4458
 22: x:   7762 y:   4595
 23: x:   7732 y:   4723
 24: x:   7555 y:   4819
 25: x:   7611 y:   5184
 26: x:   7280 y:   4899
 27: x:   5900 y:   3561
 28: x:   6426 y:   3173
 29: x:   6347 y:   2683
 30: x:   6271 y:   2135
 31: x:   6898 y:   1885
 32: x:   7265 y:   1268
 33: x:   6734 y:   1453
 34: x:   6107 y:    669
 35: x:   6101 y:   1110
 36: x:   5530 y:   1424
 37: x:   4608 y:   1198
 38: x:   4985 y:    140
 39: x:   3177 y:    756
 40: x:   2233 y:     10
 41: x:   1916 y:   1569
 42: x:    675 y:   1006
 43: x:    401 y:    841
 44: x:     23 y:   2216
 45: x:     10 y:   2676
 46: x:   1112 y:   2049
 47: x:   1633 y:   2809
Fitness: 0.282302
Distance: 35423.1


Geração:105000
  0: x:   3082 y:   1644
  1: x:   3023 y:   1942
  2: x:   3484 y:   2829
  3: x:   3245 y:   3305
  4: x:   4483 y:   3369
  5: x:   5185 y:   3258
  6: x:   4706 y:   2674
  7: x:   4307 y:   2322
  8: x:   4612 y:   2035
  9: x:   5199 y:   2182
 10: x:   5468 y:   2606
 11: x:   5989 y:   2873
 12: x:   6807 y:   2993
 13: x:   7392 y:   2244
 14: x:   7545 y:   2801
 15: x:   7509 y:   3239
 16: x:   7462 y:   3590
 17: x:   7573 y:   3716
 18: x:   7248 y:   3779
 19: x:   7541 y:   3981
 20: x:   7352 y:   4506
 21: x:   7608 y:   4458
 22: x:   7762 y:   4595
 23: x:   7732 y:   4723
 24: x:   7555 y:   4819
 25: x:   7611 y:   5184
 26: x:   7280 y:   4899
 27: x:   5900 y:   3561
 28: x:   6426 y:   3173
 29: x:   6347 y:   2683
 30: x:   6271 y:   2135
 31: x:   6898 y:   1885
 32: x:   7265 y:   1268
 33: x:   6734 y:   1453
 34: x:   6107 y:    669
 35: x:   6101 y:   1110
 36: x:   5530 y:   1424
 37: x:   4608 y:   1198
 38: x:   4985 y:    140
 39: x:   3177 y:    756
 40: x:   2233 y:     10
 41: x:   1916 y:   1569
 42: x:    675 y:   1006
 43: x:    401 y:    841
 44: x:     23 y:   2216
 45: x:     10 y:   2676
 46: x:   1112 y:   2049
 47: x:   1633 y:   2809
Fitness: 0.282302
Distance: 35423.1


Geração:110000
  0: x:   3082 y:   1644
  1: x:   3023 y:   1942
  2: x:   3484 y:   2829
  3: x:   3245 y:   3305
  4: x:   4483 y:   3369
  5: x:   5185 y:   3258
  6: x:   4706 y:   2674
  7: x:   4307 y:   2322
  8: x:   4612 y:   2035
  9: x:   5199 y:   2182
 10: x:   5468 y:   2606
 11: x:   5989 y:   2873
 12: x:   6807 y:   2993
 13: x:   7392 y:   2244
 14: x:   7545 y:   2801
 15: x:   7509 y:   3239
 16: x:   7462 y:   3590
 17: x:   7573 y:   3716
 18: x:   7248 y:   3779
 19: x:   7541 y:   3981
 20: x:   7352 y:   4506
 21: x:   7608 y:   4458
 22: x:   7762 y:   4595
 23: x:   7732 y:   4723
 24: x:   7555 y:   4819
 25: x:   7611 y:   5184
 26: x:   7280 y:   4899
 27: x:   5900 y:   3561
 28: x:   6426 y:   3173
 29: x:   6347 y:   2683
 30: x:   6271 y:   2135
 31: x:   6898 y:   1885
 32: x:   7265 y:   1268
 33: x:   6734 y:   1453
 34: x:   6107 y:    669
 35: x:   6101 y:   1110
 36: x:   5530 y:   1424
 37: x:   4608 y:   1198
 38: x:   4985 y:    140
 39: x:   3177 y:    756
 40: x:   2233 y:     10
 41: x:   1916 y:   1569
 42: x:    675 y:   1006
 43: x:    401 y:    841
 44: x:     23 y:   2216
 45: x:     10 y:   2676
 46: x:   1112 y:   2049
 47: x:   1633 y:   2809
Fitness: 0.282302
Distance: 35423.1


Geração:115000
  0: x:   3082 y:   1644
  1: x:   3023 y:   1942
  2: x:   3484 y:   2829
  3: x:   3245 y:   3305
  4: x:   4483 y:   3369
  5: x:   5185 y:   3258
  6: x:   4706 y:   2674
  7: x:   4307 y:   2322
  8: x:   4612 y:   2035
  9: x:   5199 y:   2182
 10: x:   5468 y:   2606
 11: x:   5989 y:   2873
 12: x:   6807 y:   2993
 13: x:   7392 y:   2244
 14: x:   7545 y:   2801
 15: x:   7509 y:   3239
 16: x:   7462 y:   3590
 17: x:   7573 y:   3716
 18: x:   7248 y:   3779
 19: x:   7541 y:   3981
 20: x:   7352 y:   4506
 21: x:   7608 y:   4458
 22: x:   7762 y:   4595
 23: x:   7732 y:   4723
 24: x:   7555 y:   4819
 25: x:   7611 y:   5184
 26: x:   7280 y:   4899
 27: x:   5900 y:   3561
 28: x:   6426 y:   3173
 29: x:   6347 y:   2683
 30: x:   6271 y:   2135
 31: x:   6898 y:   1885
 32: x:   7265 y:   1268
 33: x:   6734 y:   1453
 34: x:   6107 y:    669
 35: x:   6101 y:   1110
 36: x:   5530 y:   1424
 37: x:   4608 y:   1198
 38: x:   4985 y:    140
 39: x:   3177 y:    756
 40: x:   2233 y:     10
 41: x:   1916 y:   1569
 42: x:    675 y:   1006
 43: x:    401 y:    841
 44: x:     23 y:   2216
 45: x:     10 y:   2676
 46: x:   1112 y:   2049
 47: x:   1633 y:   2809
Fitness: 0.282302
Distance: 35423.1


Geração:120000
  0: x:   3082 y:   1644
  1: x:   3023 y:   1942
  2: x:   3484 y:   2829
  3: x:   3245 y:   3305
  4: x:   4483 y:   3369
  5: x:   5185 y:   3258
  6: x:   4706 y:   2674
  7: x:   4307 y:   2322
  8: x:   4612 y:   2035
  9: x:   5199 y:   2182
 10: x:   5468 y:   2606
 11: x:   5989 y:   2873
 12: x:   6807 y:   2993
 13: x:   7392 y:   2244
 14: x:   7545 y:   2801
 15: x:   7509 y:   3239
 16: x:   7462 y:   3590
 17: x:   7573 y:   3716
 18: x:   7248 y:   3779
 19: x:   7541 y:   3981
 20: x:   7352 y:   4506
 21: x:   7608 y:   4458
 22: x:   7762 y:   4595
 23: x:   7732 y:   4723
 24: x:   7555 y:   4819
 25: x:   7611 y:   5184
 26: x:   7280 y:   4899
 27: x:   5900 y:   3561
 28: x:   6426 y:   3173
 29: x:   6347 y:   2683
 30: x:   6271 y:   2135
 31: x:   6898 y:   1885
 32: x:   7265 y:   1268
 33: x:   6734 y:   1453
 34: x:   6107 y:    669
 35: x:   6101 y:   1110
 36: x:   5530 y:   1424
 37: x:   4608 y:   1198
 38: x:   4985 y:    140
 39: x:   3177 y:    756
 40: x:   2233 y:     10
 41: x:   1916 y:   1569
 42: x:    675 y:   1006
 43: x:    401 y:    841
 44: x:     23 y:   2216
 45: x:     10 y:   2676
 46: x:   1112 y:   2049
 47: x:   1633 y:   2809
Fitness: 0.282302
Distance: 35423.1


